<?xml version="1.0" encoding="utf-8"?><testsuites name="pytest tests"><testsuite name="pytest" errors="0" failures="1" skipped="0" tests="15" time="4.117" timestamp="2026-01-09T07:24:25.589034+00:00" hostname="agent-env-c1e1f50e-39f3-4d04-a182-fbbe92ca3efa"><testcase classname="tests.test_backend_api.TestAuthEndpoints" name="test_login_admin_success" time="0.323" /><testcase classname="tests.test_backend_api.TestAuthEndpoints" name="test_login_demo_user_success" time="0.300" /><testcase classname="tests.test_backend_api.TestAuthEndpoints" name="test_login_invalid_credentials" time="0.045" /><testcase classname="tests.test_backend_api.TestAuthEndpoints" name="test_forgot_password_existing_email" time="0.042" /><testcase classname="tests.test_backend_api.TestAuthEndpoints" name="test_forgot_password_nonexistent_email" time="0.034" /><testcase classname="tests.test_backend_api.TestAuthEndpoints" name="test_register_new_user" time="0.268" /><testcase classname="tests.test_backend_api.TestAdminEndpoints" name="test_get_all_users" time="0.346" /><testcase classname="tests.test_backend_api.TestAdminEndpoints" name="test_get_all_users_unauthorized" time="0.345" /><testcase classname="tests.test_backend_api.TestAdminEndpoints" name="test_admin_reset_password_for_user" time="0.661"><failure message="assert 403 == 200&#10; +  where 403 = &lt;Response [403]&gt;.status_code">tests/test_backend_api.py:201: in test_admin_reset_password_for_user
    assert login_response.status_code == 200
E   assert 403 == 200
E    +  where 403 = &lt;Response [403]&gt;.status_code</failure></testcase><testcase classname="tests.test_backend_api.TestAdminEndpoints" name="test_admin_cannot_reset_admin_password" time="0.370" /><testcase classname="tests.test_backend_api.TestManualInvoiceEntry" name="test_create_manual_sales_invoice" time="0.345" /><testcase classname="tests.test_backend_api.TestManualInvoiceEntry" name="test_create_manual_purchase_invoice" time="0.391" /><testcase classname="tests.test_backend_api.TestManualInvoiceEntry" name="test_duplicate_invoice_rejected" time="0.373" /><testcase classname="tests.test_backend_api.TestHealthAndBasicEndpoints" name="test_api_reachable" time="0.076" /><testcase classname="tests.test_backend_api.TestHealthAndBasicEndpoints" name="test_invoices_endpoint_requires_auth" time="0.038" /></testsuite></testsuites>